c:\users\karee\onedrive\المستندات\github\self-diagnosis-sp\x64\debug\vc143.pdb
c:\users\karee\onedrive\المستندات\github\self-diagnosis-sp\x64\debug\.netframework,version=v4.7.2.assemblyattributes.obj
c:\users\karee\onedrive\المستندات\github\self-diagnosis-sp\x64\debug\camera_winform.obj
c:\users\karee\onedrive\المستندات\github\self-diagnosis-sp\x64\debug\account_settings.obj
c:\users\karee\onedrive\المستندات\github\self-diagnosis-sp\x64\debug\myform2.obj
c:\users\karee\onedrive\المستندات\github\self-diagnosis-sp\x64\debug\myform.obj
c:\users\karee\desktop\uni projects\sp\project38\x64\debug\vc143.pdb
c:\users\karee\desktop\uni projects\sp\project38\x64\debug\.netframework,version=v4.7.2.assemblyattributes.obj
c:\users\karee\desktop\uni projects\sp\project38\x64\debug\myform2.obj
c:\users\karee\desktop\uni projects\sp\project38\x64\debug\myform.obj
c:\users\karee\desktop\uni projects\sp\project38\x64\debug\camera_winform.obj
c:\users\karee\desktop\uni projects\sp\project38\x64\debug\account_settings.obj
c:\users\karee\desktop\self-diagnosis-sp-main\x64\debug\vc143.pdb
c:\users\karee\desktop\self-diagnosis-sp-main\x64\debug\.netframework,version=v4.7.2.assemblyattributes.obj
c:\users\karee\desktop\self-diagnosis-sp-main\x64\debug\myform2.obj
c:\users\karee\desktop\self-diagnosis-sp-main\x64\debug\myform.obj
c:\users\karee\desktop\self-diagnosis-sp-main\x64\debug\camera_winform.obj
c:\users\karee\desktop\self-diagnosis-sp-main\x64\debug\account_settings.obj
c:\users\karee\desktop\uni projects\sp\project38\x64\debug\aforge.dll
c:\users\karee\desktop\uni projects\sp\project38\x64\debug\aforge.video.directshow.dll
c:\users\karee\desktop\uni projects\sp\project38\x64\debug\aforge.video.dll
c:\users\karee\desktop\uni projects\sp\project38\x64\debug\darrenlee.media.dll
c:\users\karee\onedrive\المستندات\github\self-diagnosis-sp\x64\debug\project38.exe
c:\users\karee\onedrive\المستندات\github\self-diagnosis-sp\x64\debug\project38.pdb
c:\users\karee\desktop\uni projects\sp\project38\x64\debug\project38.exe
c:\users\karee\desktop\uni projects\sp\project38\x64\debug\project38.pdb
c:\users\karee\onedrive\المستندات\github\self-diagnosis-sp\x64\debug\project38.tlog\metagen.write.1.tlog
c:\users\karee\desktop\uni projects\sp\project38\x64\debug\project38.tlog\metagen.write.1.tlog
c:\users\karee\desktop\self-diagnosis-sp-main\x64\debug\project38.tlog\metagen.write.1.tlog
c:\users\karee\onedrive\المستندات\github\self-diagnosis-sp\x64\debug\project38.account_settings.resources
c:\users\karee\onedrive\المستندات\github\self-diagnosis-sp\x64\debug\project38.camera_winform.resources
c:\users\karee\onedrive\المستندات\github\self-diagnosis-sp\x64\debug\project38.myform.resources
c:\users\karee\onedrive\المستندات\github\self-diagnosis-sp\x64\debug\project38.myform2.resources
c:\users\karee\desktop\uni projects\sp\project38\x64\debug\project38.account_settings.resources
c:\users\karee\desktop\uni projects\sp\project38\x64\debug\project38.camera_winform.resources
c:\users\karee\desktop\uni projects\sp\project38\x64\debug\project38.myform.resources
c:\users\karee\desktop\uni projects\sp\project38\x64\debug\project38.myform2.resources
c:\users\karee\desktop\self-diagnosis-sp-main\x64\debug\project38.exe
c:\users\karee\desktop\self-diagnosis-sp-main\x64\debug\project38.vcxproj.assemblyreference.cache
c:\users\karee\desktop\self-diagnosis-sp-main\x64\debug\project38.vcxproj.generateresource.cache
c:\users\karee\desktop\self-diagnosis-sp-main\x64\debug\project38.vcxproj.resolvecomreference.cache
c:\users\karee\desktop\self-diagnosis-sp-main\x64\debug\project38.vcxproj.suggestedbindingredirects.cache
c:\users\karee\desktop\self-diagnosis-sp-main\x64\debug\circularpicturebox.obj
c:\users\karee\desktop\self-diagnosis-sp-main\x64\debug\myform1.obj
c:\users\karee\desktop\self-diagnosis-sp-main\x64\debug\project38.account_settings.resources
c:\users\karee\desktop\self-diagnosis-sp-main\x64\debug\project38.camera_winform.resources
c:\users\karee\desktop\self-diagnosis-sp-main\x64\debug\project38.myform.resources
c:\users\karee\desktop\self-diagnosis-sp-main\x64\debug\project38.myform2.resources
c:\users\karee\desktop\self-diagnosis-sp-main\x64\debug\project38.pdb
c:\users\karee\desktop\self-diagnosis-sp-main\x64\debug\project38.exe.metagen
c:\users\karee\desktop\self-diagnosis-sp-main\x64\debug\project38.tlog\cl.command.1.tlog
c:\users\karee\desktop\self-diagnosis-sp-main\x64\debug\project38.tlog\cl.read.1.tlog
c:\users\karee\desktop\self-diagnosis-sp-main\x64\debug\project38.tlog\cl.write.1.tlog
c:\users\karee\desktop\self-diagnosis-sp-main\x64\debug\project38.tlog\copylocal.read.1u.tlog
c:\users\karee\desktop\self-diagnosis-sp-main\x64\debug\project38.tlog\copylocal.write.1u.tlog
c:\users\karee\desktop\self-diagnosis-sp-main\x64\debug\project38.tlog\link.command.1.tlog
c:\users\karee\desktop\self-diagnosis-sp-main\x64\debug\project38.tlog\link.read.1.tlog
c:\users\karee\desktop\self-diagnosis-sp-main\x64\debug\project38.tlog\link.write.1.tlog
c:\users\karee\desktop\self-diagnosis-sp-main\x64\debug\project38.tlog\metagen.read.1.tlog
c:\users\karee\desktop\self-diagnosis-sp-main\x64\debug\project38.tlog\project38.write.1u.tlog
c:\users\karee\desktop\self-diagnosis-sp-main\x64\debug\project38.tlog\resgen.command.1.tlog
c:\users\karee\desktop\self-diagnosis-sp-main\x64\debug\project38.tlog\resgen.read.1.tlog
c:\users\karee\desktop\self-diagnosis-sp-main\x64\debug\project38.tlog\resgen.write.1.tlog
c:\users\karee\desktop\self-diagnosis-sp-main\x64\debug\project38.tlog\aforge.dll.metagen
c:\users\karee\desktop\self-diagnosis-sp-main\x64\debug\project38.tlog\aforge.video.directshow.dll.metagen
c:\users\karee\desktop\self-diagnosis-sp-main\x64\debug\project38.tlog\aforge.video.dll.metagen
c:\users\karee\desktop\self-diagnosis-sp-main\x64\debug\project38.tlog\axinterop.wmplib.1.0.dll.metagen
c:\users\karee\desktop\self-diagnosis-sp-main\x64\debug\project38.tlog\darrenlee.media.dll.metagen
c:\users\karee\desktop\self-diagnosis-sp-main\x64\debug\project38.tlog\interop.wmplib.1.0.dll.metagen
c:\users\karee\desktop\self-diagnosis-sp-main\x64\debug\project38.tlog\messageboxmanager.dll.metagen
